[27-Mar-2019 05:57:30 UTC] PHP Warning:  include(../connection.php): failed to open stream: No such file or directory in /home/ubuntu/workspace/labs/otter-mart/api/getCategories.php on line 2
[27-Mar-2019 05:57:30 UTC] PHP Stack trace:
[27-Mar-2019 05:57:30 UTC] PHP   1. {main}() /home/ubuntu/workspace/labs/otter-mart/api/getCategories.php:0
[27-Mar-2019 05:57:30 UTC] PHP Warning:  include(): Failed opening '../connection.php' for inclusion (include_path='.:/usr/share/php:/usr/share/pear') in /home/ubuntu/workspace/labs/otter-mart/api/getCategories.php on line 2
[27-Mar-2019 05:57:30 UTC] PHP Stack trace:
[27-Mar-2019 05:57:30 UTC] PHP   1. {main}() /home/ubuntu/workspace/labs/otter-mart/api/getCategories.php:0
[27-Mar-2019 05:57:30 UTC] PHP Fatal error:  Call to undefined function get_database_connection() in /home/ubuntu/workspace/labs/otter-mart/api/getCategories.php on line 4
[27-Mar-2019 05:57:30 UTC] PHP Stack trace:
[27-Mar-2019 05:57:30 UTC] PHP   1. {main}() /home/ubuntu/workspace/labs/otter-mart/api/getCategories.php:0
[27-Mar-2019 16:39:18 UTC] PHP Fatal error:  Call to undefined function getDatabaseConnection() in /home/ubuntu/workspace/labs/otter-mart/api/getSearchResults.php on line 3
[27-Mar-2019 16:39:18 UTC] PHP Stack trace:
[27-Mar-2019 16:39:18 UTC] PHP   1. {main}() /home/ubuntu/workspace/labs/otter-mart/api/getSearchResults.php:0
[27-Mar-2019 16:39:45 UTC] PHP Fatal error:  Call to undefined function getDatabaseConnection() in /home/ubuntu/workspace/labs/otter-mart/api/getSearchResults.php on line 4
[27-Mar-2019 16:39:45 UTC] PHP Stack trace:
[27-Mar-2019 16:39:45 UTC] PHP   1. {main}() /home/ubuntu/workspace/labs/otter-mart/api/getSearchResults.php:0
[27-Mar-2019 16:40:16 UTC] PHP Fatal error:  Uncaught exception 'PDOException' with message 'SQLSTATE[42000]: Syntax error or access violation: 1064 You have an error in your SQL syntax; check the manual that corresponds to your MySQL server version for the right syntax to use near 'productName LIKE '%apple%'' at line 1' in /home/ubuntu/workspace/labs/otter-mart/api/getSearchResults.php:14
Stack trace:
#0 /home/ubuntu/workspace/labs/otter-mart/api/getSearchResults.php(14): PDOStatement->execute(Array)
#1 {main}
  thrown in /home/ubuntu/workspace/labs/otter-mart/api/getSearchResults.php on line 14
[27-Mar-2019 16:43:17 UTC] PHP Fatal error:  Uncaught exception 'PDOException' with message 'SQLSTATE[42000]: Syntax error or access violation: 1064 You have an error in your SQL syntax; check the manual that corresponds to your MySQL server version for the right syntax to use near 'productName LIKE '%apple%'' at line 1' in /home/ubuntu/workspace/labs/otter-mart/api/getSearchResults.php:14
Stack trace:
#0 /home/ubuntu/workspace/labs/otter-mart/api/getSearchResults.php(14): PDOStatement->execute(Array)
#1 {main}
  thrown in /home/ubuntu/workspace/labs/otter-mart/api/getSearchResults.php on line 14
[27-Mar-2019 17:01:50 UTC] PHP Fatal error:  Uncaught exception 'PDOException' with message 'SQLSTATE[42S22]: Column not found: 1054 Unknown column 'priceTo' in 'where clause'' in /home/ubuntu/workspace/labs/otter-mart/api/getSearchResults.php:35
Stack trace:
#0 /home/ubuntu/workspace/labs/otter-mart/api/getSearchResults.php(35): PDOStatement->execute(Array)
#1 {main}
  thrown in /home/ubuntu/workspace/labs/otter-mart/api/getSearchResults.php on line 35
[27-Mar-2019 17:02:29 UTC] PHP Fatal error:  Uncaught exception 'PDOException' with message 'SQLSTATE[42S22]: Column not found: 1054 Unknown column 'priceTo' in 'where clause'' in /home/ubuntu/workspace/labs/otter-mart/api/getSearchResults.php:35
Stack trace:
#0 /home/ubuntu/workspace/labs/otter-mart/api/getSearchResults.php(35): PDOStatement->execute(Array)
#1 {main}
  thrown in /home/ubuntu/workspace/labs/otter-mart/api/getSearchResults.php on line 35
[27-Mar-2019 17:03:08 UTC] PHP Fatal error:  Uncaught exception 'PDOException' with message 'SQLSTATE[42S22]: Column not found: 1054 Unknown column 'priceTo' in 'where clause'' in /home/ubuntu/workspace/labs/otter-mart/api/getSearchResults.php:35
Stack trace:
#0 /home/ubuntu/workspace/labs/otter-mart/api/getSearchResults.php(35): PDOStatement->execute(Array)
#1 {main}
  thrown in /home/ubuntu/workspace/labs/otter-mart/api/getSearchResults.php on line 35
[27-Mar-2019 17:03:16 UTC] PHP Fatal error:  Uncaught exception 'PDOException' with message 'SQLSTATE[42S22]: Column not found: 1054 Unknown column 'priceTo' in 'where clause'' in /home/ubuntu/workspace/labs/otter-mart/api/getSearchResults.php:35
Stack trace:
#0 /home/ubuntu/workspace/labs/otter-mart/api/getSearchResults.php(35): PDOStatement->execute(Array)
#1 {main}
  thrown in /home/ubuntu/workspace/labs/otter-mart/api/getSearchResults.php on line 35
