[11-Mar-2019 01:29:41 UTC] PHP Parse error:  syntax error, unexpected '$user_base' (T_VARIABLE) in /home/ubuntu/workspace/labs/4/php/formAPI.php on line 4
[11-Mar-2019 01:29:46 UTC] PHP Parse error:  syntax error, unexpected '$user_base' (T_VARIABLE) in /home/ubuntu/workspace/labs/4/php/formAPI.php on line 4
[11-Mar-2019 01:32:00 UTC] PHP Parse error:  syntax error, unexpected '$user_base' (T_VARIABLE) in /home/ubuntu/workspace/labs/4/php/formAPI.php on line 4
[11-Mar-2019 01:35:53 UTC] PHP Parse error:  syntax error, unexpected '$user_base' (T_VARIABLE) in /home/ubuntu/workspace/labs/4/php/formAPI.php on line 6
[11-Mar-2019 01:36:17 UTC] PHP Parse error:  syntax error, unexpected ':' in /home/ubuntu/workspace/labs/4/php/formAPI.php on line 65
[11-Mar-2019 01:36:58 UTC] PHP Parse error:  syntax error, unexpected '{' in /home/ubuntu/workspace/labs/4/php/formAPI.php on line 65
[11-Mar-2019 01:37:18 UTC] PHP Fatal error:  Class 'Users' not found in /home/ubuntu/workspace/labs/4/php/formAPI.php on line 6
[11-Mar-2019 01:37:18 UTC] PHP Stack trace:
[11-Mar-2019 01:37:18 UTC] PHP   1. {main}() /home/ubuntu/workspace/labs/4/php/formAPI.php:0
[11-Mar-2019 01:41:16 UTC] PHP Fatal error:  Class 'Users' not found in /home/ubuntu/workspace/labs/4/php/formAPI.php on line 6
[11-Mar-2019 01:41:16 UTC] PHP Stack trace:
[11-Mar-2019 01:41:16 UTC] PHP   1. {main}() /home/ubuntu/workspace/labs/4/php/formAPI.php:0
[11-Mar-2019 01:43:28 UTC] PHP Fatal error:  Class 'Users' not found in /home/ubuntu/workspace/labs/4/php/formAPI.php on line 6
[11-Mar-2019 01:43:28 UTC] PHP Stack trace:
[11-Mar-2019 01:43:28 UTC] PHP   1. {main}() /home/ubuntu/workspace/labs/4/php/formAPI.php:0
[11-Mar-2019 01:43:59 UTC] PHP Fatal error:  Class 'Users' not found in /home/ubuntu/workspace/labs/4/php/formAPI.php on line 6
[11-Mar-2019 01:43:59 UTC] PHP Stack trace:
[11-Mar-2019 01:43:59 UTC] PHP   1. {main}() /home/ubuntu/workspace/labs/4/php/formAPI.php:0
[11-Mar-2019 01:45:44 UTC] PHP Fatal error:  Class 'Users' not found in /home/ubuntu/workspace/labs/4/php/formAPI.php on line 6
[11-Mar-2019 01:45:44 UTC] PHP Stack trace:
[11-Mar-2019 01:45:44 UTC] PHP   1. {main}() /home/ubuntu/workspace/labs/4/php/formAPI.php:0
[11-Mar-2019 02:00:58 UTC] PHP Fatal error:  Class 'Users' not found in /home/ubuntu/workspace/labs/4/php/formAPI.php on line 6
[11-Mar-2019 02:00:58 UTC] PHP Stack trace:
[11-Mar-2019 02:00:58 UTC] PHP   1. {main}() /home/ubuntu/workspace/labs/4/php/formAPI.php:0
[11-Mar-2019 02:09:13 UTC] PHP Parse error:  syntax error, unexpected 'echo' (T_ECHO) in /home/ubuntu/workspace/labs/4/php/formAPI.php on line 76
[11-Mar-2019 02:22:03 UTC] PHP Parse error:  syntax error, unexpected 'public' (T_PUBLIC) in /home/ubuntu/workspace/labs/4/php/Users.php on line 3
[11-Mar-2019 02:22:03 UTC] PHP Stack trace:
[11-Mar-2019 02:22:03 UTC] PHP   1. {main}() /home/ubuntu/workspace/labs/4/php/formAPI.php:0
[11-Mar-2019 02:22:45 UTC] PHP Parse error:  syntax error, unexpected ';' in /home/ubuntu/workspace/labs/4/php/Users.php on line 19
[11-Mar-2019 02:22:45 UTC] PHP Stack trace:
[11-Mar-2019 02:22:45 UTC] PHP   1. {main}() /home/ubuntu/workspace/labs/4/php/formAPI.php:0
[11-Mar-2019 02:23:10 UTC] PHP Parse error:  syntax error, unexpected '}' in /home/ubuntu/workspace/labs/4/php/Users.php on line 20
[11-Mar-2019 02:23:10 UTC] PHP Stack trace:
[11-Mar-2019 02:23:10 UTC] PHP   1. {main}() /home/ubuntu/workspace/labs/4/php/formAPI.php:0
[11-Mar-2019 02:24:09 UTC] PHP Parse error:  syntax error, unexpected '}' in /home/ubuntu/workspace/labs/4/php/Users.php on line 20
[11-Mar-2019 02:24:09 UTC] PHP Stack trace:
[11-Mar-2019 02:24:09 UTC] PHP   1. {main}() /home/ubuntu/workspace/labs/4/php/formAPI.php:0
[11-Mar-2019 02:24:33 UTC] PHP Parse error:  syntax error, unexpected '}' in /home/ubuntu/workspace/labs/4/php/Users.php on line 20
[11-Mar-2019 02:24:33 UTC] PHP Stack trace:
[11-Mar-2019 02:24:33 UTC] PHP   1. {main}() /home/ubuntu/workspace/labs/4/php/formAPI.php:0
[11-Mar-2019 02:25:01 UTC] PHP Parse error:  syntax error, unexpected 'add_user' (T_STRING), expecting variable (T_VARIABLE) in /home/ubuntu/workspace/labs/4/php/Users.php on line 26
[11-Mar-2019 02:25:01 UTC] PHP Stack trace:
[11-Mar-2019 02:25:01 UTC] PHP   1. {main}() /home/ubuntu/workspace/labs/4/php/formAPI.php:0
[11-Mar-2019 02:25:39 UTC] PHP Parse error:  syntax error, unexpected '$new_user' (T_VARIABLE) in /home/ubuntu/workspace/labs/4/php/Users.php on line 32
[11-Mar-2019 02:25:39 UTC] PHP Stack trace:
[11-Mar-2019 02:25:39 UTC] PHP   1. {main}() /home/ubuntu/workspace/labs/4/php/formAPI.php:0
[11-Mar-2019 02:26:24 UTC] PHP Parse error:  syntax error, unexpected '$new_user' (T_VARIABLE) in /home/ubuntu/workspace/labs/4/php/Users.php on line 32
[11-Mar-2019 02:26:24 UTC] PHP Stack trace:
[11-Mar-2019 02:26:24 UTC] PHP   1. {main}() /home/ubuntu/workspace/labs/4/php/formAPI.php:0
[11-Mar-2019 02:27:53 UTC] PHP Parse error:  syntax error, unexpected '$new_user' (T_VARIABLE) in /home/ubuntu/workspace/labs/4/php/Users.php on line 32
[11-Mar-2019 02:27:53 UTC] PHP Stack trace:
[11-Mar-2019 02:27:53 UTC] PHP   1. {main}() /home/ubuntu/workspace/labs/4/php/formAPI.php:0
[11-Mar-2019 02:28:27 UTC] PHP Parse error:  syntax error, unexpected '$new_user' (T_VARIABLE) in /home/ubuntu/workspace/labs/4/php/Users.php on line 32
[11-Mar-2019 02:28:27 UTC] PHP Stack trace:
[11-Mar-2019 02:28:27 UTC] PHP   1. {main}() /home/ubuntu/workspace/labs/4/php/formAPI.php:0
[11-Mar-2019 02:29:34 UTC] PHP Parse error:  syntax error, unexpected 'array' (T_ARRAY) in /home/ubuntu/workspace/labs/4/php/Users.php on line 40
[11-Mar-2019 02:29:34 UTC] PHP Stack trace:
[11-Mar-2019 02:29:34 UTC] PHP   1. {main}() /home/ubuntu/workspace/labs/4/php/formAPI.php:0
[11-Mar-2019 02:29:59 UTC] PHP Parse error:  syntax error, unexpected 'public' (T_PUBLIC) in /home/ubuntu/workspace/labs/4/php/User.php on line 2
[11-Mar-2019 02:29:59 UTC] PHP Stack trace:
[11-Mar-2019 02:29:59 UTC] PHP   1. {main}() /home/ubuntu/workspace/labs/4/php/formAPI.php:0
[11-Mar-2019 02:29:59 UTC] PHP   2. include() /home/ubuntu/workspace/labs/4/php/formAPI.php:2
[11-Mar-2019 02:30:21 UTC] PHP Parse error:  syntax error, unexpected 'funtion' (T_STRING), expecting variable (T_VARIABLE) in /home/ubuntu/workspace/labs/4/php/User.php on line 12
[11-Mar-2019 02:30:21 UTC] PHP Stack trace:
[11-Mar-2019 02:30:21 UTC] PHP   1. {main}() /home/ubuntu/workspace/labs/4/php/formAPI.php:0
[11-Mar-2019 02:30:21 UTC] PHP   2. include() /home/ubuntu/workspace/labs/4/php/formAPI.php:2
[11-Mar-2019 02:39:27 UTC] PHP Fatal error:  Call to undefined function suggest_password() in /home/ubuntu/workspace/labs/4/php/formAPI.php on line 66
[11-Mar-2019 02:39:27 UTC] PHP Stack trace:
[11-Mar-2019 02:39:27 UTC] PHP   1. {main}() /home/ubuntu/workspace/labs/4/php/formAPI.php:0
[11-Mar-2019 02:39:27 UTC] PHP   2. onGet() /home/ubuntu/workspace/labs/4/php/formAPI.php:18
[11-Mar-2019 02:41:36 UTC] PHP Fatal error:  Call to undefined function suggest_password() in /home/ubuntu/workspace/labs/4/php/formAPI.php on line 66
[11-Mar-2019 02:41:36 UTC] PHP Stack trace:
[11-Mar-2019 02:41:36 UTC] PHP   1. {main}() /home/ubuntu/workspace/labs/4/php/formAPI.php:0
[11-Mar-2019 02:41:36 UTC] PHP   2. onGet() /home/ubuntu/workspace/labs/4/php/formAPI.php:18
[11-Mar-2019 02:41:49 UTC] PHP Fatal error:  Call to undefined function suggest_password() in /home/ubuntu/workspace/labs/4/php/formAPI.php on line 66
[11-Mar-2019 02:41:49 UTC] PHP Stack trace:
[11-Mar-2019 02:41:49 UTC] PHP   1. {main}() /home/ubuntu/workspace/labs/4/php/formAPI.php:0
[11-Mar-2019 02:41:49 UTC] PHP   2. onGet() /home/ubuntu/workspace/labs/4/php/formAPI.php:18
[11-Mar-2019 02:42:18 UTC] PHP Fatal error:  Call to undefined function suggest_password() in /home/ubuntu/workspace/labs/4/php/formAPI.php on line 66
[11-Mar-2019 02:42:18 UTC] PHP Stack trace:
[11-Mar-2019 02:42:18 UTC] PHP   1. {main}() /home/ubuntu/workspace/labs/4/php/formAPI.php:0
[11-Mar-2019 02:42:18 UTC] PHP   2. onGet() /home/ubuntu/workspace/labs/4/php/formAPI.php:18
[11-Mar-2019 02:48:10 UTC] PHP Fatal error:  Call to undefined function suggest_password() in /home/ubuntu/workspace/labs/4/php/formAPI.php on line 66
[11-Mar-2019 02:48:10 UTC] PHP Stack trace:
[11-Mar-2019 02:48:10 UTC] PHP   1. {main}() /home/ubuntu/workspace/labs/4/php/formAPI.php:0
[11-Mar-2019 02:48:10 UTC] PHP   2. onGet() /home/ubuntu/workspace/labs/4/php/formAPI.php:18
[11-Mar-2019 02:49:59 UTC] PHP Fatal error:  Call to undefined function suggest_password() in /home/ubuntu/workspace/labs/4/php/formAPI.php on line 66
[11-Mar-2019 02:49:59 UTC] PHP Stack trace:
[11-Mar-2019 02:49:59 UTC] PHP   1. {main}() /home/ubuntu/workspace/labs/4/php/formAPI.php:0
[11-Mar-2019 02:49:59 UTC] PHP   2. onGet() /home/ubuntu/workspace/labs/4/php/formAPI.php:18
[11-Mar-2019 02:51:00 UTC] PHP Fatal error:  Call to undefined function suggest_password() in /home/ubuntu/workspace/labs/4/php/formAPI.php on line 66
[11-Mar-2019 02:51:00 UTC] PHP Stack trace:
[11-Mar-2019 02:51:00 UTC] PHP   1. {main}() /home/ubuntu/workspace/labs/4/php/formAPI.php:0
[11-Mar-2019 02:51:00 UTC] PHP   2. onGet() /home/ubuntu/workspace/labs/4/php/formAPI.php:18
[11-Mar-2019 02:52:07 UTC] PHP Fatal error:  Call to a member function suggest_password() on a non-object in /home/ubuntu/workspace/labs/4/php/formAPI.php on line 66
[11-Mar-2019 02:52:07 UTC] PHP Stack trace:
[11-Mar-2019 02:52:07 UTC] PHP   1. {main}() /home/ubuntu/workspace/labs/4/php/formAPI.php:0
[11-Mar-2019 02:52:07 UTC] PHP   2. onGet() /home/ubuntu/workspace/labs/4/php/formAPI.php:18
[11-Mar-2019 05:57:55 UTC] PHP Warning:  include(.User.php): failed to open stream: No such file or directory in /home/ubuntu/workspace/labs/4/php/formAPI.php on line 3
[11-Mar-2019 05:57:55 UTC] PHP Stack trace:
[11-Mar-2019 05:57:55 UTC] PHP   1. {main}() /home/ubuntu/workspace/labs/4/php/formAPI.php:0
[11-Mar-2019 05:57:55 UTC] PHP Warning:  include(): Failed opening '.User.php' for inclusion (include_path='.:/usr/share/php:/usr/share/pear') in /home/ubuntu/workspace/labs/4/php/formAPI.php on line 3
[11-Mar-2019 05:57:55 UTC] PHP Stack trace:
[11-Mar-2019 05:57:55 UTC] PHP   1. {main}() /home/ubuntu/workspace/labs/4/php/formAPI.php:0
[11-Mar-2019 05:58:45 UTC] PHP Fatal error:  Cannot redeclare class User in /home/ubuntu/workspace/labs/4/php/User.php on line 2
[11-Mar-2019 05:58:45 UTC] PHP Stack trace:
[11-Mar-2019 05:58:45 UTC] PHP   1. {main}() /home/ubuntu/workspace/labs/4/php/formAPI.php:0
[11-Mar-2019 05:59:43 UTC] PHP Fatal error:  Cannot redeclare class User in /home/ubuntu/workspace/labs/4/php/User.php on line 2
[11-Mar-2019 05:59:43 UTC] PHP Stack trace:
[11-Mar-2019 05:59:43 UTC] PHP   1. {main}() /home/ubuntu/workspace/labs/4/php/formAPI.php:0
[11-Mar-2019 06:05:53 UTC] PHP Warning:  in_array() expects parameter 2 to be array, null given in /home/ubuntu/workspace/labs/4/php/formAPI.php on line 76
[11-Mar-2019 06:05:53 UTC] PHP Stack trace:
[11-Mar-2019 06:05:53 UTC] PHP   1. {main}() /home/ubuntu/workspace/labs/4/php/formAPI.php:0
[11-Mar-2019 06:05:53 UTC] PHP   2. onGet() /home/ubuntu/workspace/labs/4/php/formAPI.php:21
[11-Mar-2019 06:05:53 UTC] PHP   3. in_array() /home/ubuntu/workspace/labs/4/php/formAPI.php:76
[11-Mar-2019 06:06:02 UTC] PHP Warning:  in_array() expects parameter 2 to be array, null given in /home/ubuntu/workspace/labs/4/php/formAPI.php on line 76
[11-Mar-2019 06:06:02 UTC] PHP Stack trace:
[11-Mar-2019 06:06:02 UTC] PHP   1. {main}() /home/ubuntu/workspace/labs/4/php/formAPI.php:0
[11-Mar-2019 06:06:02 UTC] PHP   2. onGet() /home/ubuntu/workspace/labs/4/php/formAPI.php:21
[11-Mar-2019 06:06:02 UTC] PHP   3. in_array() /home/ubuntu/workspace/labs/4/php/formAPI.php:76
[11-Mar-2019 06:22:09 UTC] PHP Catchable fatal error:  Object of class User could not be converted to string in /home/ubuntu/workspace/labs/4/php/formAPI.php on line 80
[11-Mar-2019 06:22:09 UTC] PHP Stack trace:
[11-Mar-2019 06:22:09 UTC] PHP   1. {main}() /home/ubuntu/workspace/labs/4/php/formAPI.php:0
[11-Mar-2019 06:22:09 UTC] PHP   2. onGet() /home/ubuntu/workspace/labs/4/php/formAPI.php:21
[11-Mar-2019 06:25:48 UTC] PHP Warning:  in_array() expects parameter 2 to be array, null given in /home/ubuntu/workspace/labs/4/php/formAPI.php on line 83
[11-Mar-2019 06:25:48 UTC] PHP Stack trace:
[11-Mar-2019 06:25:48 UTC] PHP   1. {main}() /home/ubuntu/workspace/labs/4/php/formAPI.php:0
[11-Mar-2019 06:25:48 UTC] PHP   2. onGet() /home/ubuntu/workspace/labs/4/php/formAPI.php:21
[11-Mar-2019 06:25:48 UTC] PHP   3. in_array() /home/ubuntu/workspace/labs/4/php/formAPI.php:83
[11-Mar-2019 06:28:13 UTC] PHP Warning:  in_array() expects parameter 2 to be array, null given in /home/ubuntu/workspace/labs/4/php/formAPI.php on line 83
[11-Mar-2019 06:28:13 UTC] PHP Stack trace:
[11-Mar-2019 06:28:13 UTC] PHP   1. {main}() /home/ubuntu/workspace/labs/4/php/formAPI.php:0
[11-Mar-2019 06:28:13 UTC] PHP   2. onGet() /home/ubuntu/workspace/labs/4/php/formAPI.php:21
[11-Mar-2019 06:28:13 UTC] PHP   3. in_array() /home/ubuntu/workspace/labs/4/php/formAPI.php:83
[11-Mar-2019 06:28:24 UTC] PHP Warning:  in_array() expects parameter 2 to be array, null given in /home/ubuntu/workspace/labs/4/php/formAPI.php on line 83
[11-Mar-2019 06:28:24 UTC] PHP Stack trace:
[11-Mar-2019 06:28:24 UTC] PHP   1. {main}() /home/ubuntu/workspace/labs/4/php/formAPI.php:0
[11-Mar-2019 06:28:24 UTC] PHP   2. onGet() /home/ubuntu/workspace/labs/4/php/formAPI.php:21
[11-Mar-2019 06:28:24 UTC] PHP   3. in_array() /home/ubuntu/workspace/labs/4/php/formAPI.php:83
[11-Mar-2019 06:28:28 UTC] PHP Warning:  in_array() expects parameter 2 to be array, null given in /home/ubuntu/workspace/labs/4/php/formAPI.php on line 83
[11-Mar-2019 06:28:28 UTC] PHP Stack trace:
[11-Mar-2019 06:28:28 UTC] PHP   1. {main}() /home/ubuntu/workspace/labs/4/php/formAPI.php:0
[11-Mar-2019 06:28:28 UTC] PHP   2. onGet() /home/ubuntu/workspace/labs/4/php/formAPI.php:21
[11-Mar-2019 06:28:28 UTC] PHP   3. in_array() /home/ubuntu/workspace/labs/4/php/formAPI.php:83
[11-Mar-2019 07:44:27 UTC] PHP Warning:  in_array() expects parameter 2 to be array, null given in /home/ubuntu/workspace/labs/4/php/formAPI.php on line 83
[11-Mar-2019 07:44:27 UTC] PHP Stack trace:
[11-Mar-2019 07:44:27 UTC] PHP   1. {main}() /home/ubuntu/workspace/labs/4/php/formAPI.php:0
[11-Mar-2019 07:44:27 UTC] PHP   2. onGet() /home/ubuntu/workspace/labs/4/php/formAPI.php:21
[11-Mar-2019 07:44:27 UTC] PHP   3. in_array() /home/ubuntu/workspace/labs/4/php/formAPI.php:83
[11-Mar-2019 07:57:43 UTC] PHP Warning:  in_array() expects parameter 2 to be array, null given in /home/ubuntu/workspace/labs/4/php/formAPI.php on line 83
[11-Mar-2019 07:57:43 UTC] PHP Stack trace:
[11-Mar-2019 07:57:43 UTC] PHP   1. {main}() /home/ubuntu/workspace/labs/4/php/formAPI.php:0
[11-Mar-2019 07:57:43 UTC] PHP   2. onGet() /home/ubuntu/workspace/labs/4/php/formAPI.php:21
[11-Mar-2019 07:57:43 UTC] PHP   3. in_array() /home/ubuntu/workspace/labs/4/php/formAPI.php:83
[11-Mar-2019 21:26:49 UTC] PHP Warning:  in_array() expects parameter 2 to be array, null given in /home/ubuntu/workspace/labs/4/php/formAPI.php on line 83
[11-Mar-2019 21:26:49 UTC] PHP Stack trace:
[11-Mar-2019 21:26:49 UTC] PHP   1. {main}() /home/ubuntu/workspace/labs/4/php/formAPI.php:0
[11-Mar-2019 21:26:49 UTC] PHP   2. onGet() /home/ubuntu/workspace/labs/4/php/formAPI.php:21
[11-Mar-2019 21:26:49 UTC] PHP   3. in_array() /home/ubuntu/workspace/labs/4/php/formAPI.php:83
[11-Mar-2019 21:27:14 UTC] PHP Warning:  in_array() expects parameter 2 to be array, string given in /home/ubuntu/workspace/labs/4/php/formAPI.php on line 83
[11-Mar-2019 21:27:14 UTC] PHP Stack trace:
[11-Mar-2019 21:27:14 UTC] PHP   1. {main}() /home/ubuntu/workspace/labs/4/php/formAPI.php:0
[11-Mar-2019 21:27:14 UTC] PHP   2. onGet() /home/ubuntu/workspace/labs/4/php/formAPI.php:21
[11-Mar-2019 21:27:14 UTC] PHP   3. in_array() /home/ubuntu/workspace/labs/4/php/formAPI.php:83
[11-Mar-2019 21:33:11 UTC] PHP Warning:  Invalid argument supplied for foreach() in /home/ubuntu/workspace/labs/4/php/formAPI.php on line 83
[11-Mar-2019 21:33:11 UTC] PHP Stack trace:
[11-Mar-2019 21:33:11 UTC] PHP   1. {main}() /home/ubuntu/workspace/labs/4/php/formAPI.php:0
[11-Mar-2019 21:33:11 UTC] PHP   2. onGet() /home/ubuntu/workspace/labs/4/php/formAPI.php:21
[11-Mar-2019 21:36:29 UTC] PHP Catchable fatal error:  Object of class User could not be converted to string in /home/ubuntu/workspace/labs/4/php/formAPI.php on line 84
[11-Mar-2019 21:36:29 UTC] PHP Stack trace:
[11-Mar-2019 21:36:29 UTC] PHP   1. {main}() /home/ubuntu/workspace/labs/4/php/formAPI.php:0
[11-Mar-2019 21:36:29 UTC] PHP   2. onGet() /home/ubuntu/workspace/labs/4/php/formAPI.php:21
