[27-Mar-2019 21:41:46 UTC] PHP Parse error:  syntax error, unexpected '$sql' (T_VARIABLE) in /home/ubuntu/workspace/midterm/api/getUserMatches.php on line 7
[27-Mar-2019 21:42:07 UTC] PHP Parse error:  syntax error, unexpected '$sql' (T_VARIABLE) in /home/ubuntu/workspace/midterm/api/getUserMatches.php on line 7
[27-Mar-2019 21:43:24 UTC] PHP Parse error:  syntax error, unexpected '.=' (T_CONCAT_EQUAL) in /home/ubuntu/workspace/midterm/api/getUserMatches.php on line 8
[27-Mar-2019 21:43:52 UTC] PHP Parse error:  syntax error, unexpected '.=' (T_CONCAT_EQUAL) in /home/ubuntu/workspace/midterm/api/getUserMatches.php on line 8
[27-Mar-2019 21:44:11 UTC] PHP Parse error:  syntax error, unexpected '.=' (T_CONCAT_EQUAL) in /home/ubuntu/workspace/midterm/api/getUserMatches.php on line 8
[27-Mar-2019 21:46:06 UTC] PHP Parse error:  syntax error, unexpected '.=' (T_CONCAT_EQUAL) in /home/ubuntu/workspace/midterm/api/getUserMatches.php on line 8
[27-Mar-2019 22:46:14 UTC] PHP Fatal error:  Uncaught exception 'PDOException' with message 'SQLSTATE[42000]: Syntax error or access violation: 1064 You have an error in your SQL syntax; check the manual that corresponds to your MySQL server version for the right syntax to use near 'match WHERE user_id == 1' at line 1' in /home/ubuntu/workspace/midterm/api/getMatchHistory.php:10
Stack trace:
#0 /home/ubuntu/workspace/midterm/api/getMatchHistory.php(10): PDOStatement->execute()
#1 {main}
  thrown in /home/ubuntu/workspace/midterm/api/getMatchHistory.php on line 10
[27-Mar-2019 22:46:49 UTC] PHP Fatal error:  Uncaught exception 'PDOException' with message 'SQLSTATE[42000]: Syntax error or access violation: 1064 You have an error in your SQL syntax; check the manual that corresponds to your MySQL server version for the right syntax to use near 'match WHERE user_id LIKE 1' at line 1' in /home/ubuntu/workspace/midterm/api/getMatchHistory.php:10
Stack trace:
#0 /home/ubuntu/workspace/midterm/api/getMatchHistory.php(10): PDOStatement->execute()
#1 {main}
  thrown in /home/ubuntu/workspace/midterm/api/getMatchHistory.php on line 10
[27-Mar-2019 22:47:01 UTC] PHP Fatal error:  Uncaught exception 'PDOException' with message 'SQLSTATE[42000]: Syntax error or access violation: 1064 You have an error in your SQL syntax; check the manual that corresponds to your MySQL server version for the right syntax to use near 'match WHERE user_id LIKE 1' at line 1' in /home/ubuntu/workspace/midterm/api/getMatchHistory.php:10
Stack trace:
#0 /home/ubuntu/workspace/midterm/api/getMatchHistory.php(10): PDOStatement->execute()
#1 {main}
  thrown in /home/ubuntu/workspace/midterm/api/getMatchHistory.php on line 10
[27-Mar-2019 22:47:03 UTC] PHP Fatal error:  Uncaught exception 'PDOException' with message 'SQLSTATE[42000]: Syntax error or access violation: 1064 You have an error in your SQL syntax; check the manual that corresponds to your MySQL server version for the right syntax to use near 'match WHERE user_id LIKE 1' at line 1' in /home/ubuntu/workspace/midterm/api/getMatchHistory.php:10
Stack trace:
#0 /home/ubuntu/workspace/midterm/api/getMatchHistory.php(10): PDOStatement->execute()
#1 {main}
  thrown in /home/ubuntu/workspace/midterm/api/getMatchHistory.php on line 10
[27-Mar-2019 22:47:31 UTC] PHP Fatal error:  Uncaught exception 'PDOException' with message 'SQLSTATE[42000]: Syntax error or access violation: 1064 You have an error in your SQL syntax; check the manual that corresponds to your MySQL server version for the right syntax to use near 'match WHERE user_id LIKE 1' at line 1' in /home/ubuntu/workspace/midterm/api/getMatchHistory.php:10
Stack trace:
#0 /home/ubuntu/workspace/midterm/api/getMatchHistory.php(10): PDOStatement->execute()
#1 {main}
  thrown in /home/ubuntu/workspace/midterm/api/getMatchHistory.php on line 10
[27-Mar-2019 22:48:44 UTC] PHP Fatal error:  Uncaught exception 'PDOException' with message 'SQLSTATE[42000]: Syntax error or access violation: 1064 You have an error in your SQL syntax; check the manual that corresponds to your MySQL server version for the right syntax to use near 'match WHERE user_id LIKE %1%' at line 1' in /home/ubuntu/workspace/midterm/api/getMatchHistory.php:10
Stack trace:
#0 /home/ubuntu/workspace/midterm/api/getMatchHistory.php(10): PDOStatement->execute()
#1 {main}
  thrown in /home/ubuntu/workspace/midterm/api/getMatchHistory.php on line 10
[27-Mar-2019 22:49:13 UTC] PHP Fatal error:  Uncaught exception 'PDOException' with message 'SQLSTATE[42000]: Syntax error or access violation: 1064 You have an error in your SQL syntax; check the manual that corresponds to your MySQL server version for the right syntax to use near 'match WHERE user_id LIKE %1%' at line 1' in /home/ubuntu/workspace/midterm/api/getMatchHistory.php:10
Stack trace:
#0 /home/ubuntu/workspace/midterm/api/getMatchHistory.php(10): PDOStatement->execute()
#1 {main}
  thrown in /home/ubuntu/workspace/midterm/api/getMatchHistory.php on line 10
[27-Mar-2019 22:49:53 UTC] PHP Fatal error:  Uncaught exception 'PDOException' with message 'SQLSTATE[42000]: Syntax error or access violation: 1064 You have an error in your SQL syntax; check the manual that corresponds to your MySQL server version for the right syntax to use near 'match WHERE user_id == 1' at line 1' in /home/ubuntu/workspace/midterm/api/getMatchHistory.php:10
Stack trace:
#0 /home/ubuntu/workspace/midterm/api/getMatchHistory.php(10): PDOStatement->execute()
#1 {main}
  thrown in /home/ubuntu/workspace/midterm/api/getMatchHistory.php on line 10
[27-Mar-2019 22:50:38 UTC] PHP Fatal error:  Uncaught exception 'PDOException' with message 'SQLSTATE[42000]: Syntax error or access violation: 1064 You have an error in your SQL syntax; check the manual that corresponds to your MySQL server version for the right syntax to use near 'match WHERE user_id LIKE 1' at line 1' in /home/ubuntu/workspace/midterm/api/getMatchHistory.php:10
Stack trace:
#0 /home/ubuntu/workspace/midterm/api/getMatchHistory.php(10): PDOStatement->execute()
#1 {main}
  thrown in /home/ubuntu/workspace/midterm/api/getMatchHistory.php on line 10
[27-Mar-2019 22:51:12 UTC] PHP Fatal error:  Uncaught exception 'PDOException' with message 'SQLSTATE[42000]: Syntax error or access violation: 1064 You have an error in your SQL syntax; check the manual that corresponds to your MySQL server version for the right syntax to use near 'match WHERE user_id LIKE %1%' at line 1' in /home/ubuntu/workspace/midterm/api/getMatchHistory.php:10
Stack trace:
#0 /home/ubuntu/workspace/midterm/api/getMatchHistory.php(10): PDOStatement->execute()
#1 {main}
  thrown in /home/ubuntu/workspace/midterm/api/getMatchHistory.php on line 10
[27-Mar-2019 22:51:41 UTC] PHP Fatal error:  Uncaught exception 'PDOException' with message 'SQLSTATE[42000]: Syntax error or access violation: 1064 You have an error in your SQL syntax; check the manual that corresponds to your MySQL server version for the right syntax to use near 'match WHERE user_id LIKE %1%' at line 1' in /home/ubuntu/workspace/midterm/api/getMatchHistory.php:10
Stack trace:
#0 /home/ubuntu/workspace/midterm/api/getMatchHistory.php(10): PDOStatement->execute()
#1 {main}
  thrown in /home/ubuntu/workspace/midterm/api/getMatchHistory.php on line 10
[27-Mar-2019 22:52:13 UTC] PHP Fatal error:  Uncaught exception 'PDOException' with message 'SQLSTATE[42000]: Syntax error or access violation: 1064 You have an error in your SQL syntax; check the manual that corresponds to your MySQL server version for the right syntax to use near 'match WHERE user_id LIKE %1%' at line 1' in /home/ubuntu/workspace/midterm/api/getMatchHistory.php:10
Stack trace:
#0 /home/ubuntu/workspace/midterm/api/getMatchHistory.php(10): PDOStatement->execute()
#1 {main}
  thrown in /home/ubuntu/workspace/midterm/api/getMatchHistory.php on line 10
[27-Mar-2019 22:53:03 UTC] PHP Fatal error:  Uncaught exception 'PDOException' with message 'SQLSTATE[42000]: Syntax error or access violation: 1064 You have an error in your SQL syntax; check the manual that corresponds to your MySQL server version for the right syntax to use near 'match WHERE user_id == 1' at line 1' in /home/ubuntu/workspace/midterm/api/getMatchHistory.php:10
Stack trace:
#0 /home/ubuntu/workspace/midterm/api/getMatchHistory.php(10): PDOStatement->execute()
#1 {main}
  thrown in /home/ubuntu/workspace/midterm/api/getMatchHistory.php on line 10
[27-Mar-2019 22:53:20 UTC] PHP Fatal error:  Uncaught exception 'PDOException' with message 'SQLSTATE[42000]: Syntax error or access violation: 1064 You have an error in your SQL syntax; check the manual that corresponds to your MySQL server version for the right syntax to use near 'match WHERE user_id == 1' at line 1' in /home/ubuntu/workspace/midterm/api/getMatchHistory.php:10
Stack trace:
#0 /home/ubuntu/workspace/midterm/api/getMatchHistory.php(10): PDOStatement->execute()
#1 {main}
  thrown in /home/ubuntu/workspace/midterm/api/getMatchHistory.php on line 10
[27-Mar-2019 22:55:09 UTC] PHP Fatal error:  Uncaught exception 'PDOException' with message 'SQLSTATE[42000]: Syntax error or access violation: 1064 You have an error in your SQL syntax; check the manual that corresponds to your MySQL server version for the right syntax to use near 'match WHERE 1' at line 1' in /home/ubuntu/workspace/midterm/api/getMatchHistory.php:10
Stack trace:
#0 /home/ubuntu/workspace/midterm/api/getMatchHistory.php(10): PDOStatement->execute()
#1 {main}
  thrown in /home/ubuntu/workspace/midterm/api/getMatchHistory.php on line 10
[27-Mar-2019 22:55:58 UTC] PHP Fatal error:  Uncaught exception 'PDOException' with message 'SQLSTATE[42000]: Syntax error or access violation: 1064 You have an error in your SQL syntax; check the manual that corresponds to your MySQL server version for the right syntax to use near '%1%' at line 1' in /home/ubuntu/workspace/midterm/api/getMatchHistory.php:10
Stack trace:
#0 /home/ubuntu/workspace/midterm/api/getMatchHistory.php(10): PDOStatement->execute()
#1 {main}
  thrown in /home/ubuntu/workspace/midterm/api/getMatchHistory.php on line 10
[27-Mar-2019 22:56:19 UTC] PHP Fatal error:  Uncaught exception 'PDOException' with message 'SQLSTATE[42000]: Syntax error or access violation: 1064 You have an error in your SQL syntax; check the manual that corresponds to your MySQL server version for the right syntax to use near '%1%' at line 1' in /home/ubuntu/workspace/midterm/api/getMatchHistory.php:10
Stack trace:
#0 /home/ubuntu/workspace/midterm/api/getMatchHistory.php(10): PDOStatement->execute()
#1 {main}
  thrown in /home/ubuntu/workspace/midterm/api/getMatchHistory.php on line 10
[27-Mar-2019 22:56:32 UTC] PHP Fatal error:  Uncaught exception 'PDOException' with message 'SQLSTATE[42000]: Syntax error or access violation: 1064 You have an error in your SQL syntax; check the manual that corresponds to your MySQL server version for the right syntax to use near '%1%' at line 1' in /home/ubuntu/workspace/midterm/api/getMatchHistory.php:10
Stack trace:
#0 /home/ubuntu/workspace/midterm/api/getMatchHistory.php(10): PDOStatement->execute()
#1 {main}
  thrown in /home/ubuntu/workspace/midterm/api/getMatchHistory.php on line 10
[27-Mar-2019 22:56:54 UTC] PHP Fatal error:  Uncaught exception 'PDOException' with message 'SQLSTATE[42000]: Syntax error or access violation: 1064 You have an error in your SQL syntax; check the manual that corresponds to your MySQL server version for the right syntax to use near '== 1' at line 1' in /home/ubuntu/workspace/midterm/api/getMatchHistory.php:10
Stack trace:
#0 /home/ubuntu/workspace/midterm/api/getMatchHistory.php(10): PDOStatement->execute()
#1 {main}
  thrown in /home/ubuntu/workspace/midterm/api/getMatchHistory.php on line 10
[27-Mar-2019 23:02:09 UTC] PHP Fatal error:  Uncaught exception 'PDOException' with message 'SQLSTATE[42000]: Syntax error or access violation: 1064 You have an error in your SQL syntax; check the manual that corresponds to your MySQL server version for the right syntax to use near '== user.id  WHERE user_id LIKE 1' at line 1' in /home/ubuntu/workspace/midterm/api/getMatchHistory.php:12
Stack trace:
#0 /home/ubuntu/workspace/midterm/api/getMatchHistory.php(12): PDOStatement->execute()
#1 {main}
  thrown in /home/ubuntu/workspace/midterm/api/getMatchHistory.php on line 12
[27-Mar-2019 23:04:26 UTC] PHP Fatal error:  Uncaught exception 'PDOException' with message 'SQLSTATE[42000]: Syntax error or access violation: 1064 You have an error in your SQL syntax; check the manual that corresponds to your MySQL server version for the right syntax to use near '== user.id  WHERE user_id LIKE 1' at line 1' in /home/ubuntu/workspace/midterm/api/getMatchHistory.php:12
Stack trace:
#0 /home/ubuntu/workspace/midterm/api/getMatchHistory.php(12): PDOStatement->execute()
#1 {main}
  thrown in /home/ubuntu/workspace/midterm/api/getMatchHistory.php on line 12
[27-Mar-2019 23:05:37 UTC] PHP Fatal error:  Uncaught exception 'PDOException' with message 'SQLSTATE[42000]: Syntax error or access violation: 1064 You have an error in your SQL syntax; check the manual that corresponds to your MySQL server version for the right syntax to use near '== user.id  WHERE user_id LIKE 1' at line 1' in /home/ubuntu/workspace/midterm/api/getMatchHistory.php:12
Stack trace:
#0 /home/ubuntu/workspace/midterm/api/getMatchHistory.php(12): PDOStatement->execute()
#1 {main}
  thrown in /home/ubuntu/workspace/midterm/api/getMatchHistory.php on line 12
[27-Mar-2019 23:05:58 UTC] PHP Fatal error:  Uncaught exception 'PDOException' with message 'SQLSTATE[42000]: Syntax error or access violation: 1064 You have an error in your SQL syntax; check the manual that corresponds to your MySQL server version for the right syntax to use near '== user.id  WHERE user_id LIKE 1' at line 1' in /home/ubuntu/workspace/midterm/api/getMatchHistory.php:12
Stack trace:
#0 /home/ubuntu/workspace/midterm/api/getMatchHistory.php(12): PDOStatement->execute()
#1 {main}
  thrown in /home/ubuntu/workspace/midterm/api/getMatchHistory.php on line 12
[27-Mar-2019 23:06:57 UTC] PHP Fatal error:  Uncaught exception 'PDOException' with message 'SQLSTATE[42000]: Syntax error or access violation: 1064 You have an error in your SQL syntax; check the manual that corresponds to your MySQL server version for the right syntax to use near '== user.id  WHERE user_id LIKE 1' at line 1' in /home/ubuntu/workspace/midterm/api/getMatchHistory.php:12
Stack trace:
#0 /home/ubuntu/workspace/midterm/api/getMatchHistory.php(12): PDOStatement->execute()
#1 {main}
  thrown in /home/ubuntu/workspace/midterm/api/getMatchHistory.php on line 12
[27-Mar-2019 23:12:25 UTC] PHP Fatal error:  Uncaught exception 'PDOException' with message 'SQLSTATE[42000]: Syntax error or access violation: 1064 You have an error in your SQL syntax; check the manual that corresponds to your MySQL server version for the right syntax to use near '== user.id  WHERE user_id LIKE 1' at line 1' in /home/ubuntu/workspace/midterm/api/getMatchHistory.php:12
Stack trace:
#0 /home/ubuntu/workspace/midterm/api/getMatchHistory.php(12): PDOStatement->execute()
#1 {main}
  thrown in /home/ubuntu/workspace/midterm/api/getMatchHistory.php on line 12
[27-Mar-2019 23:13:39 UTC] PHP Fatal error:  Uncaught exception 'PDOException' with message 'SQLSTATE[42000]: Syntax error or access violation: 1064 You have an error in your SQL syntax; check the manual that corresponds to your MySQL server version for the right syntax to use near '== user.id WHERE user_id LIKE 1' at line 1' in /home/ubuntu/workspace/midterm/api/getMatchHistory.php:12
Stack trace:
#0 /home/ubuntu/workspace/midterm/api/getMatchHistory.php(12): PDOStatement->execute()
#1 {main}
  thrown in /home/ubuntu/workspace/midterm/api/getMatchHistory.php on line 12
[27-Mar-2019 23:14:00 UTC] PHP Fatal error:  Uncaught exception 'PDOException' with message 'SQLSTATE[42000]: Syntax error or access violation: 1064 You have an error in your SQL syntax; check the manual that corresponds to your MySQL server version for the right syntax to use near '== user.id WHERE user_id LIKE 1' at line 1' in /home/ubuntu/workspace/midterm/api/getMatchHistory.php:12
Stack trace:
#0 /home/ubuntu/workspace/midterm/api/getMatchHistory.php(12): PDOStatement->execute()
#1 {main}
  thrown in /home/ubuntu/workspace/midterm/api/getMatchHistory.php on line 12
[27-Mar-2019 23:14:06 UTC] PHP Fatal error:  Uncaught exception 'PDOException' with message 'SQLSTATE[42000]: Syntax error or access violation: 1064 You have an error in your SQL syntax; check the manual that corresponds to your MySQL server version for the right syntax to use near '== user.id WHERE user_id LIKE 1' at line 1' in /home/ubuntu/workspace/midterm/api/getMatchHistory.php:12
Stack trace:
#0 /home/ubuntu/workspace/midterm/api/getMatchHistory.php(12): PDOStatement->execute()
#1 {main}
  thrown in /home/ubuntu/workspace/midterm/api/getMatchHistory.php on line 12
[27-Mar-2019 23:14:39 UTC] PHP Fatal error:  Uncaught exception 'PDOException' with message 'SQLSTATE[42000]: Syntax error or access violation: 1064 You have an error in your SQL syntax; check the manual that corresponds to your MySQL server version for the right syntax to use near '== user.id WHERE user_id LIKE 1' at line 1' in /home/ubuntu/workspace/midterm/api/getMatchHistory.php:12
Stack trace:
#0 /home/ubuntu/workspace/midterm/api/getMatchHistory.php(12): PDOStatement->execute()
#1 {main}
  thrown in /home/ubuntu/workspace/midterm/api/getMatchHistory.php on line 12
[27-Mar-2019 23:15:40 UTC] PHP Fatal error:  Uncaught exception 'PDOException' with message 'SQLSTATE[42000]: Syntax error or access violation: 1064 You have an error in your SQL syntax; check the manual that corresponds to your MySQL server version for the right syntax to use near '== user.id WHERE user_id LIKE 1' at line 1' in /home/ubuntu/workspace/midterm/api/getMatchHistory.php:12
Stack trace:
#0 /home/ubuntu/workspace/midterm/api/getMatchHistory.php(12): PDOStatement->execute()
#1 {main}
  thrown in /home/ubuntu/workspace/midterm/api/getMatchHistory.php on line 12
[27-Mar-2019 23:16:00 UTC] PHP Fatal error:  Uncaught exception 'PDOException' with message 'SQLSTATE[42000]: Syntax error or access violation: 1064 You have an error in your SQL syntax; check the manual that corresponds to your MySQL server version for the right syntax to use near 'ON `match`.match_user_id == user.id WHERE user_id LIKE 1' at line 1' in /home/ubuntu/workspace/midterm/api/getMatchHistory.php:12
Stack trace:
#0 /home/ubuntu/workspace/midterm/api/getMatchHistory.php(12): PDOStatement->execute()
#1 {main}
  thrown in /home/ubuntu/workspace/midterm/api/getMatchHistory.php on line 12
[27-Mar-2019 23:16:08 UTC] PHP Fatal error:  Uncaught exception 'PDOException' with message 'SQLSTATE[42000]: Syntax error or access violation: 1064 You have an error in your SQL syntax; check the manual that corresponds to your MySQL server version for the right syntax to use near '== user.id WHERE user_id LIKE 1' at line 1' in /home/ubuntu/workspace/midterm/api/getMatchHistory.php:12
Stack trace:
#0 /home/ubuntu/workspace/midterm/api/getMatchHistory.php(12): PDOStatement->execute()
#1 {main}
  thrown in /home/ubuntu/workspace/midterm/api/getMatchHistory.php on line 12
[27-Mar-2019 23:17:20 UTC] PHP Fatal error:  Uncaught exception 'PDOException' with message 'SQLSTATE[42000]: Syntax error or access violation: 1064 You have an error in your SQL syntax; check the manual that corresponds to your MySQL server version for the right syntax to use near '== user.id WHERE user_id LIKE 1' at line 1' in /home/ubuntu/workspace/midterm/api/getMatchHistory.php:12
Stack trace:
#0 /home/ubuntu/workspace/midterm/api/getMatchHistory.php(12): PDOStatement->execute()
#1 {main}
  thrown in /home/ubuntu/workspace/midterm/api/getMatchHistory.php on line 12
[27-Mar-2019 23:18:42 UTC] PHP Fatal error:  Uncaught exception 'PDOException' with message 'SQLSTATE[42000]: Syntax error or access violation: 1064 You have an error in your SQL syntax; check the manual that corresponds to your MySQL server version for the right syntax to use near '== user.id WHERE user_id LIKE 1' at line 1' in /home/ubuntu/workspace/midterm/api/getMatchHistory.php:12
Stack trace:
#0 /home/ubuntu/workspace/midterm/api/getMatchHistory.php(12): PDOStatement->execute()
#1 {main}
  thrown in /home/ubuntu/workspace/midterm/api/getMatchHistory.php on line 12
[27-Mar-2019 23:19:40 UTC] PHP Fatal error:  Uncaught exception 'PDOException' with message 'SQLSTATE[42000]: Syntax error or access violation: 1064 You have an error in your SQL syntax; check the manual that corresponds to your MySQL server version for the right syntax to use near '== user.id WHERE user_id LIKE 1' at line 1' in /home/ubuntu/workspace/midterm/api/getMatchHistory.php:12
Stack trace:
#0 /home/ubuntu/workspace/midterm/api/getMatchHistory.php(12): PDOStatement->execute()
#1 {main}
  thrown in /home/ubuntu/workspace/midterm/api/getMatchHistory.php on line 12
[27-Mar-2019 23:20:52 UTC] PHP Fatal error:  Uncaught exception 'PDOException' with message 'SQLSTATE[42000]: Syntax error or access violation: 1064 You have an error in your SQL syntax; check the manual that corresponds to your MySQL server version for the right syntax to use near '== user.id WHERE user_id LIKE 1' at line 1' in /home/ubuntu/workspace/midterm/api/getMatchHistory.php:13
Stack trace:
#0 /home/ubuntu/workspace/midterm/api/getMatchHistory.php(13): PDOStatement->execute()
#1 {main}
  thrown in /home/ubuntu/workspace/midterm/api/getMatchHistory.php on line 13
[27-Mar-2019 23:22:02 UTC] PHP Fatal error:  Uncaught exception 'PDOException' with message 'SQLSTATE[42000]: Syntax error or access violation: 1064 You have an error in your SQL syntax; check the manual that corresponds to your MySQL server version for the right syntax to use near 'OUTER JOIN user ON `match`.match_user_id == user.id WHERE user_id LIKE 1' at line 1' in /home/ubuntu/workspace/midterm/api/getMatchHistory.php:13
Stack trace:
#0 /home/ubuntu/workspace/midterm/api/getMatchHistory.php(13): PDOStatement->execute()
#1 {main}
  thrown in /home/ubuntu/workspace/midterm/api/getMatchHistory.php on line 13
[27-Mar-2019 23:33:49 UTC] PHP Parse error:  syntax error, unexpected '`' in /home/ubuntu/workspace/midterm/api/getMatchHistory.php on line 8
